Flow report for CAD_VGA_Quartus
Sun Jan 26 13:07:48 2025
Quartus Prime Version 18.1.0 Build 625 09/12/2018 SJ Lite Edition


---------------------
; Table of Contents ;
---------------------
  1. Legal Notice
  2. Flow Summary
  3. Flow Settings
  4. Flow Non-Default Global Settings
  5. Flow Elapsed Time
  6. Flow OS Summary
  7. Flow Log
  8. Flow Messages
  9. Flow Suppressed Messages



----------------
; Legal Notice ;
----------------
Copyright (C) 2018  Intel Corporation. All rights reserved.
Your use of Intel Corporation's design tools, logic functions 
and other software and tools, and its AMPP partner logic 
functions, and any output files from any of the foregoing 
(including device programming or simulation files), and any 
associated documentation or information are expressly subject 
to the terms and conditions of the Intel Program License 
Subscription Agreement, the Intel Quartus Prime License Agreement,
the Intel FPGA IP License Agreement, or other applicable license
agreement, including, without limitation, that your use is for
the sole purpose of programming logic devices manufactured by
Intel and sold by Intel or its authorized distributors.  Please
refer to the applicable agreement for further details.



+-------------------------------------------------------------------------------+
; Flow Summary                                                                  ;
+---------------------------------+---------------------------------------------+
; Flow Status                     ; Successful - Sun Jan 26 13:07:48 2025       ;
; Quartus Prime Version           ; 18.1.0 Build 625 09/12/2018 SJ Lite Edition ;
; Revision Name                   ; CAD_VGA_Quartus                             ;
; Top-level Entity Name           ; CAD_VGA_Quartus                             ;
; Family                          ; Cyclone V                                   ;
; Device                          ; 5CEBA4F23C7                                 ;
; Timing Models                   ; Final                                       ;
; Logic utilization (in ALMs)     ; 14,351 / 18,480 ( 78 % )                    ;
; Total registers                 ; 2105                                        ;
; Total pins                      ; 134 / 224 ( 60 % )                          ;
; Total virtual pins              ; 0                                           ;
; Total block memory bits         ; 0 / 3,153,920 ( 0 % )                       ;
; Total DSP Blocks                ; 23 / 66 ( 35 % )                            ;
; Total HSSI RX PCSs              ; 0                                           ;
; Total HSSI PMA RX Deserializers ; 0                                           ;
; Total HSSI TX PCSs              ; 0                                           ;
; Total HSSI PMA TX Serializers   ; 0                                           ;
; Total PLLs                      ; 0 / 4 ( 0 % )                               ;
; Total DLLs                      ; 0 / 4 ( 0 % )                               ;
+---------------------------------+---------------------------------------------+


+-----------------------------------------+
; Flow Settings                           ;
+-------------------+---------------------+
; Option            ; Setting             ;
+-------------------+---------------------+
; Start date & time ; 01/26/2025 13:02:51 ;
; Main task         ; Compilation         ;
; Revision Name     ; CAD_VGA_Quartus     ;
+-------------------+---------------------+


+----------------------------------------------------------------------------------------------------------------------------------------+
; Flow Non-Default Global Settings                                                                                                       ;
+------------------------------------------------+----------------------------------------+---------------+-------------+----------------+
; Assignment Name                                ; Value                                  ; Default Value ; Entity Name ; Section Id     ;
+------------------------------------------------+----------------------------------------+---------------+-------------+----------------+
; COMPILER_SIGNATURE_ID                          ; 96830623167625.173788397122668         ; --            ; --          ; --             ;
; EDA_OUTPUT_DATA_FORMAT                         ; Vhdl                                   ; --            ; --          ; eda_simulation ;
; EDA_SIMULATION_TOOL                            ; ModelSim-Altera (VHDL)                 ; <None>        ; --          ; --             ;
; EDA_TIME_SCALE                                 ; 1 ps                                   ; --            ; --          ; eda_simulation ;
; EDA_USER_COMPILED_SIMULATION_LIBRARY_DIRECTORY ; F:\cad                                 ; --            ; --          ; eda_simulation ;
; MAX_CORE_JUNCTION_TEMP                         ; 85                                     ; --            ; --          ; --             ;
; MIN_CORE_JUNCTION_TEMP                         ; 0                                      ; --            ; --          ; --             ;
; PARTITION_COLOR                                ; -- (Not supported for targeted family) ; --            ; --          ; Top            ;
; PARTITION_FITTER_PRESERVATION_LEVEL            ; -- (Not supported for targeted family) ; --            ; --          ; Top            ;
; PARTITION_NETLIST_TYPE                         ; -- (Not supported for targeted family) ; --            ; --          ; Top            ;
; POWER_BOARD_THERMAL_MODEL                      ; None (CONSERVATIVE)                    ; --            ; --          ; --             ;
; POWER_PRESET_COOLING_SOLUTION                  ; 23 MM HEAT SINK WITH 200 LFPM AIRFLOW  ; --            ; --          ; --             ;
+------------------------------------------------+----------------------------------------+---------------+-------------+----------------+


+--------------------------------------------------------------------------------------------------------------------------+
; Flow Elapsed Time                                                                                                        ;
+----------------------+--------------+-------------------------+---------------------+------------------------------------+
; Module Name          ; Elapsed Time ; Average Processors Used ; Peak Virtual Memory ; Total CPU Time (on all processors) ;
+----------------------+--------------+-------------------------+---------------------+------------------------------------+
; Analysis & Synthesis ; 00:00:49     ; 2.7                     ; 5153 MB             ; 00:00:42                           ;
; Fitter               ; 00:03:27     ; 1.3                     ; 7045 MB             ; 00:03:31                           ;
; Assembler            ; 00:00:07     ; 1.0                     ; 4984 MB             ; 00:00:03                           ;
; Timing Analyzer      ; 00:00:19     ; 4.4                     ; 5414 MB             ; 00:00:41                           ;
; EDA Netlist Writer   ; 00:00:05     ; 1.0                     ; 5023 MB             ; 00:00:02                           ;
; Total                ; 00:04:47     ; --                      ; --                  ; 00:04:59                           ;
+----------------------+--------------+-------------------------+---------------------+------------------------------------+


+------------------------------------------------------------------------------------+
; Flow OS Summary                                                                    ;
+----------------------+------------------+------------+------------+----------------+
; Module Name          ; Machine Hostname ; OS Name    ; OS Version ; Processor type ;
+----------------------+------------------+------------+------------+----------------+
; Analysis & Synthesis ; DESKTOP-8P7BMBK  ; Windows 10 ; 10.0       ; x86_64         ;
; Fitter               ; DESKTOP-8P7BMBK  ; Windows 10 ; 10.0       ; x86_64         ;
; Assembler            ; DESKTOP-8P7BMBK  ; Windows 10 ; 10.0       ; x86_64         ;
; Timing Analyzer      ; DESKTOP-8P7BMBK  ; Windows 10 ; 10.0       ; x86_64         ;
; EDA Netlist Writer   ; DESKTOP-8P7BMBK  ; Windows 10 ; 10.0       ; x86_64         ;
+----------------------+------------------+------------+------------+----------------+


------------
; Flow Log ;
------------
quartus_map --read_settings_files=on --write_settings_files=off CAD_VGA_Quartus -c CAD_VGA_Quartus
quartus_fit --read_settings_files=off --write_settings_files=off CAD_VGA_Quartus -c CAD_VGA_Quartus
quartus_asm --read_settings_files=off --write_settings_files=off CAD_VGA_Quartus -c CAD_VGA_Quartus
quartus_sta CAD_VGA_Quartus -c CAD_VGA_Quartus
quartus_eda --read_settings_files=off --write_settings_files=off CAD_VGA_Quartus -c CAD_VGA_Quartus



